<?xml version="1.0" encoding="UTF-8"?>
<!-- Generated by org.testng.reporters.JUnitXMLReporter -->
<testsuite ignored="0" hostname="DESKTOP-6NIDSHD" failures="0" tests="3" name="Default test" time="12.162" errors="0" timestamp="2024-01-26T15:54:38 IST">
  <testcase classname="testCases.Tc_001AccountRegistrationPage" name="rigisterButton" time="0.855"/>
  <testcase classname="testCases.Tc_001AccountRegistrationPage" name="enterRegisterDetails" time="2.502"/>
  <testcase classname="testCases.Tc_001AccountRegistrationPage" name="verifyAccDetails" time="0.079"/>
</testsuite> <!-- Default test -->
