<?xml version="1.0" encoding="UTF-8"?>
<testng-results ignored="0" total="1" passed="1" failed="0" skipped="0">
  <reporter-output>
  </reporter-output>
  <suite started-at="2024-01-27T17:39:55 IST" name="Suite" finished-at="2024-01-27T17:40:07 IST" duration-ms="12500">
    <groups>
    </groups>
    <test started-at="2024-01-27T17:39:55 IST" name="Chrome" finished-at="2024-01-27T17:40:07 IST" duration-ms="12500">
      <class name="testCases.Tc_002LoginPage">
        <test-method is-config="true" signature="setUp(java.lang.String,java.lang.String)[pri:0, instance:testCases.Tc_002LoginPage@1f2586d6]" started-at="2024-01-27T17:39:55 IST" name="setUp" finished-at="2024-01-27T17:40:03 IST" duration-ms="8197" status="PASS">
          <params>
            <param index="0">
              <value>
                <![CDATA[Windows]]>
              </value>
            </param>
            <param index="1">
              <value>
                <![CDATA[chrome]]>
              </value>
            </param>
          </params>
          <reporter-output>
          </reporter-output>
        </test-method> <!-- setUp -->
        <test-method signature="llogin()[pri:1, instance:testCases.Tc_002LoginPage@1f2586d6]" started-at="2024-01-27T17:40:03 IST" name="llogin" finished-at="2024-01-27T17:40:07 IST" duration-ms="4207" status="PASS">
          <reporter-output>
          </reporter-output>
        </test-method> <!-- llogin -->
        <test-method is-config="true" signature="tearDown()[pri:0, instance:testCases.Tc_002LoginPage@1f2586d6]" started-at="2024-01-27T17:40:07 IST" name="tearDown" finished-at="2024-01-27T17:40:07 IST" duration-ms="1" status="PASS">
          <reporter-output>
          </reporter-output>
        </test-method> <!-- tearDown -->
      </class> <!-- testCases.Tc_002LoginPage -->
    </test> <!-- Chrome -->
  </suite> <!-- Suite -->
</testng-results>
